<?xml version="1.0" encoding="UTF-8"?><testsuite name="ui-quality-gates" tests="17" failures="0" skipped="5"><testcase name="playwright"/><testcase name="widthChecks"/><testcase name="noHorizontalOverflow"/><testcase name="focusVisibility"/><testcase name="keyboardTraversal"/><testcase name="crossBrowser"><skipped message="Skipped in fast mode."/></testcase><testcase name="axeBaseline"/><testcase name="wcagAaContrast"/><testcase name="reducedMotion"/><testcase name="performanceBudget"/><testcase name="stressI18nRtl"><skipped message="Skipped in fast mode."/></testcase><testcase name="stressZoom200"><skipped message="Skipped in fast mode."/></testcase><testcase name="stressReducedNetwork"><skipped message="Skipped in fast mode."/></testcase><testcase name="stressLongContentOverflow"><skipped message="Skipped in fast mode."/></testcase><testcase name="stateCoverage"/><testcase name="qualityContract"/><testcase name="artifactIntegrity"/></testsuite>
